0 info it worked if it ends with ok
1 verbose cli [ '/usr/bin/node', '/usr/bin/npm', 'install', '-g', 'yo' ]
2 info using npm@1.4.28
3 info using node@v0.10.33
4 verbose node symlink /usr/bin/node
5 verbose cache add [ 'yo', null ]
6 verbose cache add name=undefined spec="yo" args=["yo",null]
7 verbose parsed url { protocol: null,
7 verbose parsed url   slashes: null,
7 verbose parsed url   auth: null,
7 verbose parsed url   host: null,
7 verbose parsed url   port: null,
7 verbose parsed url   hostname: null,
7 verbose parsed url   hash: null,
7 verbose parsed url   search: null,
7 verbose parsed url   query: null,
7 verbose parsed url   pathname: 'yo',
7 verbose parsed url   path: 'yo',
7 verbose parsed url   href: 'yo' }
8 silly lockFile c41975d1-yo yo
9 verbose lock yo /home/neelsurjo/.npm/c41975d1-yo.lock
10 silly lockFile c41975d1-yo yo
11 silly lockFile c41975d1-yo yo
12 verbose addNamed [ 'yo', '' ]
13 verbose addNamed [ null, '*' ]
14 silly lockFile d937c28e-yo yo@
15 verbose lock yo@ /home/neelsurjo/.npm/d937c28e-yo.lock
16 silly addNameRange { name: 'yo', range: '*', hasData: false }
17 verbose request where is /yo
18 verbose request registry https://registry.npmjs.org/
19 verbose request id 09d7016dcd6733d1
20 verbose url raw /yo
21 verbose url resolving [ 'https://registry.npmjs.org/', './yo' ]
22 verbose url resolved https://registry.npmjs.org/yo
23 verbose request where is https://registry.npmjs.org/yo
24 info trying registry request attempt 1 at 02:41:25
25 http GET https://registry.npmjs.org/yo
26 http 200 https://registry.npmjs.org/yo
27 silly registry.get cb [ 200,
27 silly registry.get   { date: 'Sun, 04 Jan 2015 20:41:28 GMT',
27 silly registry.get     server: 'CouchDB/1.5.0 (Erlang OTP/R16B03)',
27 silly registry.get     etag: '"3RUN98ARA59QX684CATK13T2Q"',
27 silly registry.get     'content-type': 'application/json',
27 silly registry.get     'cache-control': 'max-age=60',
27 silly registry.get     'content-length': '49130',
27 silly registry.get     'accept-ranges': 'bytes',
27 silly registry.get     via: '1.1 varnish',
27 silly registry.get     age: '6',
27 silly registry.get     'x-served-by': 'cache-sn89-SIN',
27 silly registry.get     'x-cache': 'HIT',
27 silly registry.get     'x-cache-hits': '1',
27 silly registry.get     'x-timer': 'S1420404088.474500,VS0,VE0',
27 silly registry.get     vary: 'Accept',
27 silly registry.get     'keep-alive': 'timeout=10, max=50',
27 silly registry.get     connection: 'Keep-Alive' } ]
28 silly addNameRange number 2 { name: 'yo', range: '*', hasData: true }
29 silly addNameRange versions [ 'yo',
29 silly addNameRange   [ '1.0.0-beta.1',
29 silly addNameRange     '1.0.0-beta.2',
29 silly addNameRange     '1.0.0-beta.3',
29 silly addNameRange     '1.0.0-beta.4',
29 silly addNameRange     '1.0.0-beta.5',
29 silly addNameRange     '1.0.0-beta.6',
29 silly addNameRange     '1.0.0-beta.7',
29 silly addNameRange     '1.0.0-rc.1',
29 silly addNameRange     '1.0.0-rc.1.1',
29 silly addNameRange     '1.0.0-rc.1.2',
29 silly addNameRange     '1.0.0-rc.1.3',
29 silly addNameRange     '1.0.0-rc.1.4',
29 silly addNameRange     '1.0.0',
29 silly addNameRange     '1.0.1',
29 silly addNameRange     '1.0.2',
29 silly addNameRange     '1.0.3',
29 silly addNameRange     '1.0.4',
29 silly addNameRange     '1.0.5',
29 silly addNameRange     '1.0.6',
29 silly addNameRange     '1.0.7-pre.1',
29 silly addNameRange     '1.0.7-pre.2',
29 silly addNameRange     '1.0.7-pre.3',
29 silly addNameRange     '1.1.0',
29 silly addNameRange     '1.1.1',
29 silly addNameRange     '1.1.2',
29 silly addNameRange     '1.2.0',
29 silly addNameRange     '1.2.1',
29 silly addNameRange     '1.3.0',
29 silly addNameRange     '1.3.2',
29 silly addNameRange     '1.3.3' ] ]
30 verbose addNamed [ 'yo', '1.3.3' ]
31 verbose addNamed [ '1.3.3', '1.3.3' ]
32 silly lockFile 68164736-yo-1-3-3 yo@1.3.3
33 verbose lock yo@1.3.3 /home/neelsurjo/.npm/68164736-yo-1-3-3.lock
34 silly lockFile f34d3fe9-gistry-npmjs-org-yo-yo-1-3-3-tgz https://registry.npmjs.org/yo/-/yo-1.3.3.tgz
35 verbose lock https://registry.npmjs.org/yo/-/yo-1.3.3.tgz /home/neelsurjo/.npm/f34d3fe9-gistry-npmjs-org-yo-yo-1-3-3-tgz.lock
36 verbose addRemoteTarball [ 'https://registry.npmjs.org/yo/-/yo-1.3.3.tgz',
36 verbose addRemoteTarball   '732b053d6da401965ef146fe914d014474c37c1b' ]
37 info retry fetch attempt 1 at 02:41:27
38 verbose fetch to= /tmp/npm-8551-Lhlr_Oy0/registry.npmjs.org/yo/-/yo-1.3.3.tgz
39 http GET https://registry.npmjs.org/yo/-/yo-1.3.3.tgz
40 http 200 https://registry.npmjs.org/yo/-/yo-1.3.3.tgz
41 silly lockFile f34d3fe9-gistry-npmjs-org-yo-yo-1-3-3-tgz https://registry.npmjs.org/yo/-/yo-1.3.3.tgz
42 silly lockFile f34d3fe9-gistry-npmjs-org-yo-yo-1-3-3-tgz https://registry.npmjs.org/yo/-/yo-1.3.3.tgz
43 silly lockFile 68164736-yo-1-3-3 yo@1.3.3
44 silly lockFile 68164736-yo-1-3-3 yo@1.3.3
45 silly lockFile d937c28e-yo yo@
46 silly lockFile d937c28e-yo yo@
47 silly resolved [ { name: 'yo',
47 silly resolved     version: '1.3.3',
47 silly resolved     description: 'CLI tool for running Yeoman generators',
47 silly resolved     license: 'BSD',
47 silly resolved     bin: { yo: 'cli.js' },
47 silly resolved     author: { name: 'The Yeoman Team' },
47 silly resolved     repository: { type: 'git', url: 'https://github.com/yeoman/yo' },
47 silly resolved     engines: { node: '>=0.10.0', npm: '>=1.4.3' },
47 silly resolved     scripts:
47 silly resolved      { test: 'grunt',
47 silly resolved        postinstall: 'yodoctor',
47 silly resolved        postupdate: 'yodoctor' },
47 silly resolved     files: [ 'cli.js', 'yoyo.js' ],
47 silly resolved     keywords:
47 silly resolved      [ 'front-end',
47 silly resolved        'development',
47 silly resolved        'dev',
47 silly resolved        'build',
47 silly resolved        'web',
47 silly resolved        'tool',
47 silly resolved        'cli',
47 silly resolved        'scaffold',
47 silly resolved        'stack',
47 silly resolved        'yeoman',
47 silly resolved        'generator',
47 silly resolved        'app' ],
47 silly resolved     dependencies:
47 silly resolved      { async: '^0.9.0',
47 silly resolved        chalk: '^0.5.1',
47 silly resolved        configstore: '^0.3.1',
47 silly resolved        findup: '^0.1.5',
47 silly resolved        fullname: '^1.0.0',
47 silly resolved        insight: '^0.4.3',
47 silly resolved        'is-root': '^1.0.0',
47 silly resolved        lodash: '^2.4.1',
47 silly resolved        multiline: '^1.0.0',
47 silly resolved        nopt: '^3.0.0',
47 silly resolved        opn: '^1.0.0',
47 silly resolved        shelljs: '^0.3.0',
47 silly resolved        'string-length': '^1.0.0',
47 silly resolved        'sudo-block': '^1.0.0',
47 silly resolved        'underscore.string': '^2.3.3',
47 silly resolved        'update-notifier': '^0.2.2',
47 silly resolved        'yeoman-character': '^1.0.0',
47 silly resolved        'yeoman-doctor': '^1.0.0',
47 silly resolved        'yeoman-environment': '^1.0.1',
47 silly resolved        'yeoman-generator': '^0.17.7',
47 silly resolved        yosay: '^1.0.0' },
47 silly resolved     devDependencies:
47 silly resolved      { grunt: '^0.4.5',
47 silly resolved        'grunt-cli': '^0.1.13',
47 silly resolved        'grunt-contrib-jshint': '^0.10.0',
47 silly resolved        'grunt-contrib-watch': '^0.6.1',
47 silly resolved        'grunt-mocha-test': '^0.12.1',
47 silly resolved        mocha: '^1.21.4',
47 silly resolved        mockery: '^1.4.0',
47 silly resolved        sinon: '^1.10.3' },
47 silly resolved     engineStrict: true,
47 silly resolved     preferGlobal: true,
47 silly resolved     gitHead: '813c37641c928431260e908ef1b5723c0f18afab',
47 silly resolved     bugs: { url: 'https://github.com/yeoman/yo/issues' },
47 silly resolved     homepage: 'https://github.com/yeoman/yo',
47 silly resolved     _id: 'yo@1.3.3',
47 silly resolved     _shasum: '732b053d6da401965ef146fe914d014474c37c1b',
47 silly resolved     _from: 'yo@',
47 silly resolved     _npmVersion: '2.1.2',
47 silly resolved     _nodeVersion: '0.10.32',
47 silly resolved     _npmUser: { name: 'sindresorhus', email: 'sindresorhus@gmail.com' },
47 silly resolved     maintainers: [ [Object], [Object], [Object], [Object], [Object], [Object] ],
47 silly resolved     dist:
47 silly resolved      { shasum: '732b053d6da401965ef146fe914d014474c37c1b',
47 silly resolved        tarball: 'http://registry.npmjs.org/yo/-/yo-1.3.3.tgz' },
47 silly resolved     directories: {},
47 silly resolved     _resolved: 'https://registry.npmjs.org/yo/-/yo-1.3.3.tgz' } ]
48 info install yo@1.3.3 into /usr/lib
49 info installOne yo@1.3.3
50 verbose lib/node_modules/yo unbuild
51 verbose tar unpack /home/neelsurjo/.npm/yo/1.3.3/package.tgz
52 silly lockFile 7bedd6dc-tar-usr-lib-node-modules-yo tar:///usr/lib/node_modules/yo
53 verbose lock tar:///usr/lib/node_modules/yo /home/neelsurjo/.npm/7bedd6dc-tar-usr-lib-node-modules-yo.lock
54 silly lockFile 76917ccb-elsurjo-npm-yo-1-3-3-package-tgz tar:///home/neelsurjo/.npm/yo/1.3.3/package.tgz
55 verbose lock tar:///home/neelsurjo/.npm/yo/1.3.3/package.tgz /home/neelsurjo/.npm/76917ccb-elsurjo-npm-yo-1-3-3-package-tgz.lock
56 silly gunzTarPerm modes [ '775', '664' ]
57 error Error: EACCES, mkdir '/usr/lib/node_modules/yo'
57 error  { [Error: EACCES, mkdir '/usr/lib/node_modules/yo']
57 error   errno: 3,
57 error   code: 'EACCES',
57 error   path: '/usr/lib/node_modules/yo',
57 error   fstream_type: 'Directory',
57 error   fstream_path: '/usr/lib/node_modules/yo',
57 error   fstream_class: 'DirWriter',
57 error   fstream_stack:
57 error    [ '/usr/lib/node_modules/npm/node_modules/fstream/lib/dir-writer.js:36:23',
57 error      '/usr/lib/node_modules/npm/node_modules/mkdirp/index.js:46:53',
57 error      'Object.oncomplete (fs.js:107:15)' ] }
58 error Please try running this command again as root/Administrator.
59 error System Linux 3.13.0-43-generic
60 error command "/usr/bin/node" "/usr/bin/npm" "install" "-g" "yo"
61 error cwd /home/neelsurjo/Documents/MyDocs/rnaby.github.io
62 error node -v v0.10.33
63 error npm -v 1.4.28
64 error path /usr/lib/node_modules/yo
65 error fstream_path /usr/lib/node_modules/yo
66 error fstream_type Directory
67 error fstream_class DirWriter
68 error code EACCES
69 error errno 3
70 error stack Error: EACCES, mkdir '/usr/lib/node_modules/yo'
71 error fstream_stack /usr/lib/node_modules/npm/node_modules/fstream/lib/dir-writer.js:36:23
71 error fstream_stack /usr/lib/node_modules/npm/node_modules/mkdirp/index.js:46:53
71 error fstream_stack Object.oncomplete (fs.js:107:15)
72 verbose exit [ 3, true ]
